{
  "C:\\Users\\coliveira\\robos\\TC04-Payment-App\\src\\application\\adapters\\ExpressAdapter.ts": {
    "path": "C:\\Users\\coliveira\\robos\\TC04-Payment-App\\src\\application\\adapters\\ExpressAdapter.ts",
    "statementMap": {
      "0": {
        "start": { "line": 2, "column": 16 },
        "end": { "line": 10, "column": 1 }
      },
      "1": {
        "start": { "line": 3, "column": 28 },
        "end": { "line": 3, "column": 110 }
      },
      "2": {
        "start": { "line": 3, "column": 91 },
        "end": { "line": 3, "column": 106 }
      },
      "3": {
        "start": { "line": 4, "column": 4 },
        "end": { "line": 9, "column": 7 }
      },
      "4": {
        "start": { "line": 5, "column": 36 },
        "end": { "line": 5, "column": 97 }
      },
      "5": {
        "start": { "line": 5, "column": 42 },
        "end": { "line": 5, "column": 70 }
      },
      "6": {
        "start": { "line": 5, "column": 85 },
        "end": { "line": 5, "column": 95 }
      },
      "7": {
        "start": { "line": 6, "column": 35 },
        "end": { "line": 6, "column": 100 }
      },
      "8": {
        "start": { "line": 6, "column": 41 },
        "end": { "line": 6, "column": 73 }
      },
      "9": {
        "start": { "line": 6, "column": 88 },
        "end": { "line": 6, "column": 98 }
      },
      "10": {
        "start": { "line": 7, "column": 32 },
        "end": { "line": 7, "column": 116 }
      },
      "11": {
        "start": { "line": 8, "column": 8 },
        "end": { "line": 8, "column": 78 }
      },
      "12": {
        "start": { "line": 11, "column": 18 },
        "end": { "line": 37, "column": 1 }
      },
      "13": {
        "start": { "line": 12, "column": 12 },
        "end": { "line": 12, "column": 104 }
      },
      "14": {
        "start": { "line": 12, "column": 43 },
        "end": { "line": 12, "column": 68 }
      },
      "15": {
        "start": { "line": 12, "column": 57 },
        "end": { "line": 12, "column": 68 }
      },
      "16": {
        "start": { "line": 12, "column": 69 },
        "end": { "line": 12, "column": 81 }
      },
      "17": {
        "start": { "line": 13, "column": 4 },
        "end": { "line": 13, "column": 157 }
      },
      "18": {
        "start": { "line": 13, "column": 138 },
        "end": { "line": 13, "column": 150 }
      },
      "19": {
        "start": { "line": 14, "column": 23 },
        "end": { "line": 14, "column": 68 }
      },
      "20": {
        "start": { "line": 14, "column": 45 },
        "end": { "line": 14, "column": 65 }
      },
      "21": {
        "start": { "line": 16, "column": 8 },
        "end": { "line": 16, "column": 70 }
      },
      "22": {
        "start": { "line": 16, "column": 15 },
        "end": { "line": 16, "column": 70 }
      },
      "23": {
        "start": { "line": 17, "column": 8 },
        "end": { "line": 34, "column": 66 }
      },
      "24": {
        "start": { "line": 17, "column": 50 },
        "end": { "line": 34, "column": 66 }
      },
      "25": {
        "start": { "line": 18, "column": 12 },
        "end": { "line": 18, "column": 169 }
      },
      "26": {
        "start": { "line": 18, "column": 160 },
        "end": { "line": 18, "column": 169 }
      },
      "27": {
        "start": { "line": 19, "column": 12 },
        "end": { "line": 19, "column": 52 }
      },
      "28": {
        "start": { "line": 19, "column": 26 },
        "end": { "line": 19, "column": 52 }
      },
      "29": {
        "start": { "line": 20, "column": 12 },
        "end": { "line": 32, "column": 13 }
      },
      "30": {
        "start": { "line": 21, "column": 32 },
        "end": { "line": 21, "column": 39 }
      },
      "31": {
        "start": { "line": 21, "column": 40 },
        "end": { "line": 21, "column": 46 }
      },
      "32": {
        "start": { "line": 22, "column": 24 },
        "end": { "line": 22, "column": 34 }
      },
      "33": {
        "start": { "line": 22, "column": 35 },
        "end": { "line": 22, "column": 72 }
      },
      "34": {
        "start": { "line": 23, "column": 24 },
        "end": { "line": 23, "column": 34 }
      },
      "35": {
        "start": { "line": 23, "column": 35 },
        "end": { "line": 23, "column": 45 }
      },
      "36": {
        "start": { "line": 23, "column": 46 },
        "end": { "line": 23, "column": 55 }
      },
      "37": {
        "start": { "line": 23, "column": 56 },
        "end": { "line": 23, "column": 65 }
      },
      "38": {
        "start": { "line": 24, "column": 24 },
        "end": { "line": 24, "column": 41 }
      },
      "39": {
        "start": { "line": 24, "column": 42 },
        "end": { "line": 24, "column": 55 }
      },
      "40": {
        "start": { "line": 24, "column": 56 },
        "end": { "line": 24, "column": 65 }
      },
      "41": {
        "start": { "line": 26, "column": 20 },
        "end": { "line": 26, "column": 128 }
      },
      "42": {
        "start": { "line": 26, "column": 110 },
        "end": { "line": 26, "column": 116 }
      },
      "43": {
        "start": { "line": 26, "column": 117 },
        "end": { "line": 26, "column": 126 }
      },
      "44": {
        "start": { "line": 27, "column": 20 },
        "end": { "line": 27, "column": 106 }
      },
      "45": {
        "start": { "line": 27, "column": 81 },
        "end": { "line": 27, "column": 97 }
      },
      "46": {
        "start": { "line": 27, "column": 98 },
        "end": { "line": 27, "column": 104 }
      },
      "47": {
        "start": { "line": 28, "column": 20 },
        "end": { "line": 28, "column": 89 }
      },
      "48": {
        "start": { "line": 28, "column": 57 },
        "end": { "line": 28, "column": 72 }
      },
      "49": {
        "start": { "line": 28, "column": 73 },
        "end": { "line": 28, "column": 80 }
      },
      "50": {
        "start": { "line": 28, "column": 81 },
        "end": { "line": 28, "column": 87 }
      },
      "51": {
        "start": { "line": 29, "column": 20 },
        "end": { "line": 29, "column": 87 }
      },
      "52": {
        "start": { "line": 29, "column": 47 },
        "end": { "line": 29, "column": 62 }
      },
      "53": {
        "start": { "line": 29, "column": 63 },
        "end": { "line": 29, "column": 78 }
      },
      "54": {
        "start": { "line": 29, "column": 79 },
        "end": { "line": 29, "column": 85 }
      },
      "55": {
        "start": { "line": 30, "column": 20 },
        "end": { "line": 30, "column": 42 }
      },
      "56": {
        "start": { "line": 30, "column": 30 },
        "end": { "line": 30, "column": 42 }
      },
      "57": {
        "start": { "line": 31, "column": 20 },
        "end": { "line": 31, "column": 33 }
      },
      "58": {
        "start": { "line": 31, "column": 34 },
        "end": { "line": 31, "column": 43 }
      },
      "59": {
        "start": { "line": 33, "column": 12 },
        "end": { "line": 33, "column": 39 }
      },
      "60": {
        "start": { "line": 34, "column": 22 },
        "end": { "line": 34, "column": 34 }
      },
      "61": {
        "start": { "line": 34, "column": 35 },
        "end": { "line": 34, "column": 41 }
      },
      "62": {
        "start": { "line": 34, "column": 54 },
        "end": { "line": 34, "column": 64 }
      },
      "63": {
        "start": { "line": 35, "column": 8 },
        "end": { "line": 35, "column": 35 }
      },
      "64": {
        "start": { "line": 35, "column": 23 },
        "end": { "line": 35, "column": 35 }
      },
      "65": {
        "start": { "line": 35, "column": 36 },
        "end": { "line": 35, "column": 89 }
      },
      "66": {
        "start": { "line": 38, "column": 22 },
        "end": { "line": 40, "column": 1 }
      },
      "67": {
        "start": { "line": 39, "column": 4 },
        "end": { "line": 39, "column": 62 }
      },
      "68": {
        "start": { "line": 41, "column": 0 },
        "end": { "line": 41, "column": 62 }
      },
      "69": {
        "start": { "line": 42, "column": 16 },
        "end": { "line": 42, "column": 51 }
      },
      "70": {
        "start": { "line": 43, "column": 27 },
        "end": { "line": 43, "column": 73 }
      },
      "71": {
        "start": { "line": 44, "column": 21 },
        "end": { "line": 44, "column": 67 }
      },
      "72": {
        "start": { "line": 45, "column": 36 },
        "end": { "line": 129, "column": 3 }
      },
      "73": {
        "start": { "line": 47, "column": 8 },
        "end": { "line": 47, "column": 47 }
      },
      "74": {
        "start": { "line": 48, "column": 8 },
        "end": { "line": 54, "column": 10 }
      },
      "75": {
        "start": { "line": 55, "column": 8 },
        "end": { "line": 55, "column": 26 }
      },
      "76": {
        "start": { "line": 57, "column": 4 },
        "end": { "line": 65, "column": 6 }
      },
      "77": {
        "start": { "line": 58, "column": 20 },
        "end": { "line": 58, "column": 24 }
      },
      "78": {
        "start": { "line": 59, "column": 8 },
        "end": { "line": 64, "column": 11 }
      },
      "79": {
        "start": { "line": 60, "column": 12 },
        "end": { "line": 62, "column": 15 }
      },
      "80": {
        "start": { "line": 61, "column": 16 },
        "end": { "line": 61, "column": 26 }
      },
      "81": {
        "start": { "line": 63, "column": 12 },
        "end": { "line": 63, "column": 49 }
      },
      "82": {
        "start": { "line": 66, "column": 4 },
        "end": { "line": 70, "column": 6 }
      },
      "83": {
        "start": { "line": 67, "column": 8 },
        "end": { "line": 67, "column": 50 }
      },
      "84": {
        "start": { "line": 68, "column": 8 },
        "end": { "line": 68, "column": 133 }
      },
      "85": {
        "start": { "line": 71, "column": 4 },
        "end": { "line": 73, "column": 6 }
      },
      "86": {
        "start": { "line": 72, "column": 8 },
        "end": { "line": 72, "column": 31 }
      },
      "87": {
        "start": { "line": 74, "column": 4 },
        "end": { "line": 98, "column": 6 }
      },
      "88": {
        "start": { "line": 75, "column": 8 },
        "end": { "line": 97, "column": 11 }
      },
      "89": {
        "start": { "line": 77, "column": 24 },
        "end": { "line": 77, "column": 28 }
      },
      "90": {
        "start": { "line": 78, "column": 12 },
        "end": { "line": 96, "column": 15 }
      },
      "91": {
        "start": { "line": 79, "column": 16 },
        "end": { "line": 79, "column": 69 }
      },
      "92": {
        "start": { "line": 80, "column": 16 },
        "end": { "line": 94, "column": 17 }
      },
      "93": {
        "start": { "line": 81, "column": 20 },
        "end": { "line": 90, "column": 27 }
      },
      "94": {
        "start": { "line": 81, "column": 61 },
        "end": { "line": 90, "column": 23 }
      },
      "95": {
        "start": { "line": 82, "column": 24 },
        "end": { "line": 89, "column": 27 }
      },
      "96": {
        "start": { "line": 83, "column": 28 },
        "end": { "line": 88, "column": 29 }
      },
      "97": {
        "start": { "line": 84, "column": 40 },
        "end": { "line": 84, "column": 81 }
      },
      "98": {
        "start": { "line": 86, "column": 36 },
        "end": { "line": 86, "column": 46 }
      },
      "99": {
        "start": { "line": 87, "column": 36 },
        "end": { "line": 87, "column": 58 }
      },
      "100": {
        "start": { "line": 93, "column": 20 },
        "end": { "line": 93, "column": 71 }
      },
      "101": {
        "start": { "line": 95, "column": 16 },
        "end": { "line": 95, "column": 38 }
      },
      "102": {
        "start": { "line": 99, "column": 4 },
        "end": { "line": 116, "column": 6 }
      },
      "103": {
        "start": { "line": 100, "column": 20 },
        "end": { "line": 100, "column": 24 }
      },
      "104": {
        "start": { "line": 101, "column": 8 },
        "end": { "line": 115, "column": 11 }
      },
      "105": {
        "start": { "line": 102, "column": 12 },
        "end": { "line": 114, "column": 13 }
      },
      "106": {
        "start": { "line": 103, "column": 16 },
        "end": { "line": 110, "column": 19 }
      },
      "107": {
        "start": { "line": 104, "column": 20 },
        "end": { "line": 107, "column": 21 }
      },
      "108": {
        "start": { "line": 105, "column": 24 },
        "end": { "line": 105, "column": 36 }
      },
      "109": {
        "start": { "line": 106, "column": 24 },
        "end": { "line": 106, "column": 31 }
      },
      "110": {
        "start": { "line": 108, "column": 20 },
        "end": { "line": 108, "column": 44 }
      },
      "111": {
        "start": { "line": 109, "column": 20 },
        "end": { "line": 109, "column": 30 }
      },
      "112": {
        "start": { "line": 113, "column": 16 },
        "end": { "line": 113, "column": 26 }
      },
      "113": {
        "start": { "line": 117, "column": 4 },
        "end": { "line": 120, "column": 6 }
      },
      "114": {
        "start": { "line": 119, "column": 8 },
        "end": { "line": 119, "column": 134 }
      },
      "115": {
        "start": { "line": 121, "column": 4 },
        "end": { "line": 124, "column": 6 }
      },
      "116": {
        "start": { "line": 123, "column": 8 },
        "end": { "line": 123, "column": 171 }
      },
      "117": {
        "start": { "line": 125, "column": 4 },
        "end": { "line": 127, "column": 6 }
      },
      "118": {
        "start": { "line": 126, "column": 8 },
        "end": { "line": 126, "column": 27 }
      },
      "119": {
        "start": { "line": 128, "column": 4 },
        "end": { "line": 128, "column": 26 }
      },
      "120": {
        "start": { "line": 130, "column": 0 },
        "end": { "line": 130, "column": 33 }
      }
    },
    "fnMap": {
      "0": {
        "name": "(anonymous_0)",
        "decl": {
          "start": { "line": 2, "column": 44 },
          "end": { "line": 2, "column": 45 }
        },
        "loc": {
          "start": { "line": 2, "column": 89 },
          "end": { "line": 10, "column": 1 }
        },
        "line": 2
      },
      "1": {
        "name": "adopt",
        "decl": {
          "start": { "line": 3, "column": 13 },
          "end": { "line": 3, "column": 18 }
        },
        "loc": {
          "start": { "line": 3, "column": 26 },
          "end": { "line": 3, "column": 112 }
        },
        "line": 3
      },
      "2": {
        "name": "(anonymous_2)",
        "decl": {
          "start": { "line": 3, "column": 70 },
          "end": { "line": 3, "column": 71 }
        },
        "loc": {
          "start": { "line": 3, "column": 89 },
          "end": { "line": 3, "column": 108 }
        },
        "line": 3
      },
      "3": {
        "name": "(anonymous_3)",
        "decl": {
          "start": { "line": 4, "column": 36 },
          "end": { "line": 4, "column": 37 }
        },
        "loc": {
          "start": { "line": 4, "column": 63 },
          "end": { "line": 9, "column": 5 }
        },
        "line": 4
      },
      "4": {
        "name": "fulfilled",
        "decl": {
          "start": { "line": 5, "column": 17 },
          "end": { "line": 5, "column": 26 }
        },
        "loc": {
          "start": { "line": 5, "column": 34 },
          "end": { "line": 5, "column": 99 }
        },
        "line": 5
      },
      "5": {
        "name": "rejected",
        "decl": {
          "start": { "line": 6, "column": 17 },
          "end": { "line": 6, "column": 25 }
        },
        "loc": {
          "start": { "line": 6, "column": 33 },
          "end": { "line": 6, "column": 102 }
        },
        "line": 6
      },
      "6": {
        "name": "step",
        "decl": {
          "start": { "line": 7, "column": 17 },
          "end": { "line": 7, "column": 21 }
        },
        "loc": {
          "start": { "line": 7, "column": 30 },
          "end": { "line": 7, "column": 118 }
        },
        "line": 7
      },
      "7": {
        "name": "(anonymous_7)",
        "decl": {
          "start": { "line": 11, "column": 48 },
          "end": { "line": 11, "column": 49 }
        },
        "loc": {
          "start": { "line": 11, "column": 73 },
          "end": { "line": 37, "column": 1 }
        },
        "line": 11
      },
      "8": {
        "name": "(anonymous_8)",
        "decl": {
          "start": { "line": 12, "column": 30 },
          "end": { "line": 12, "column": 31 }
        },
        "loc": {
          "start": { "line": 12, "column": 41 },
          "end": { "line": 12, "column": 83 }
        },
        "line": 12
      },
      "9": {
        "name": "(anonymous_9)",
        "decl": {
          "start": { "line": 13, "column": 125 },
          "end": { "line": 13, "column": 126 }
        },
        "loc": {
          "start": { "line": 13, "column": 136 },
          "end": { "line": 13, "column": 152 }
        },
        "line": 13
      },
      "10": {
        "name": "verb",
        "decl": {
          "start": { "line": 14, "column": 13 },
          "end": { "line": 14, "column": 17 }
        },
        "loc": {
          "start": { "line": 14, "column": 21 },
          "end": { "line": 14, "column": 70 }
        },
        "line": 14
      },
      "11": {
        "name": "(anonymous_11)",
        "decl": {
          "start": { "line": 14, "column": 30 },
          "end": { "line": 14, "column": 31 }
        },
        "loc": {
          "start": { "line": 14, "column": 43 },
          "end": { "line": 14, "column": 67 }
        },
        "line": 14
      },
      "12": {
        "name": "step",
        "decl": {
          "start": { "line": 15, "column": 13 },
          "end": { "line": 15, "column": 17 }
        },
        "loc": {
          "start": { "line": 15, "column": 22 },
          "end": { "line": 36, "column": 5 }
        },
        "line": 15
      },
      "13": {
        "name": "(anonymous_13)",
        "decl": {
          "start": { "line": 38, "column": 56 },
          "end": { "line": 38, "column": 57 }
        },
        "loc": {
          "start": { "line": 38, "column": 71 },
          "end": { "line": 40, "column": 1 }
        },
        "line": 38
      },
      "14": {
        "name": "(anonymous_14)",
        "decl": {
          "start": { "line": 45, "column": 36 },
          "end": { "line": 45, "column": 37 }
        },
        "loc": {
          "start": { "line": 45, "column": 48 },
          "end": { "line": 129, "column": 1 }
        },
        "line": 45
      },
      "15": {
        "name": "ExpressAdapter",
        "decl": {
          "start": { "line": 46, "column": 13 },
          "end": { "line": 46, "column": 27 }
        },
        "loc": {
          "start": { "line": 46, "column": 30 },
          "end": { "line": 56, "column": 5 }
        },
        "line": 46
      },
      "16": {
        "name": "(anonymous_16)",
        "decl": {
          "start": { "line": 57, "column": 38 },
          "end": { "line": 57, "column": 39 }
        },
        "loc": {
          "start": { "line": 57, "column": 54 },
          "end": { "line": 65, "column": 5 }
        },
        "line": 57
      },
      "17": {
        "name": "(anonymous_17)",
        "decl": {
          "start": { "line": 59, "column": 27 },
          "end": { "line": 59, "column": 28 }
        },
        "loc": {
          "start": { "line": 59, "column": 54 },
          "end": { "line": 64, "column": 9 }
        },
        "line": 59
      },
      "18": {
        "name": "(anonymous_18)",
        "decl": {
          "start": { "line": 60, "column": 57 },
          "end": { "line": 60, "column": 58 }
        },
        "loc": {
          "start": { "line": 60, "column": 69 },
          "end": { "line": 62, "column": 13 }
        },
        "line": 60
      },
      "19": {
        "name": "(anonymous_19)",
        "decl": {
          "start": { "line": 66, "column": 42 },
          "end": { "line": 66, "column": 43 }
        },
        "loc": {
          "start": { "line": 66, "column": 54 },
          "end": { "line": 70, "column": 5 }
        },
        "line": 66
      },
      "20": {
        "name": "(anonymous_20)",
        "decl": {
          "start": { "line": 71, "column": 38 },
          "end": { "line": 71, "column": 39 }
        },
        "loc": {
          "start": { "line": 71, "column": 55 },
          "end": { "line": 73, "column": 5 }
        },
        "line": 71
      },
      "21": {
        "name": "(anonymous_21)",
        "decl": {
          "start": { "line": 74, "column": 40 },
          "end": { "line": 74, "column": 41 }
        },
        "loc": {
          "start": { "line": 74, "column": 73 },
          "end": { "line": 98, "column": 5 }
        },
        "line": 74
      },
      "22": {
        "name": "(anonymous_22)",
        "decl": {
          "start": { "line": 75, "column": 47 },
          "end": { "line": 75, "column": 48 }
        },
        "loc": {
          "start": { "line": 75, "column": 59 },
          "end": { "line": 97, "column": 9 }
        },
        "line": 75
      },
      "23": {
        "name": "(anonymous_23)",
        "decl": {
          "start": { "line": 78, "column": 37 },
          "end": { "line": 78, "column": 38 }
        },
        "loc": {
          "start": { "line": 78, "column": 51 },
          "end": { "line": 96, "column": 13 }
        },
        "line": 78
      },
      "24": {
        "name": "(anonymous_24)",
        "decl": {
          "start": { "line": 81, "column": 39 },
          "end": { "line": 81, "column": 40 }
        },
        "loc": {
          "start": { "line": 81, "column": 59 },
          "end": { "line": 90, "column": 25 }
        },
        "line": 81
      },
      "25": {
        "name": "(anonymous_25)",
        "decl": {
          "start": { "line": 81, "column": 101 },
          "end": { "line": 81, "column": 102 }
        },
        "loc": {
          "start": { "line": 81, "column": 113 },
          "end": { "line": 90, "column": 21 }
        },
        "line": 81
      },
      "26": {
        "name": "(anonymous_26)",
        "decl": {
          "start": { "line": 82, "column": 49 },
          "end": { "line": 82, "column": 50 }
        },
        "loc": {
          "start": { "line": 82, "column": 63 },
          "end": { "line": 89, "column": 25 }
        },
        "line": 82
      },
      "27": {
        "name": "(anonymous_27)",
        "decl": {
          "start": { "line": 99, "column": 37 },
          "end": { "line": 99, "column": 38 }
        },
        "loc": {
          "start": { "line": 99, "column": 49 },
          "end": { "line": 116, "column": 5 }
        },
        "line": 99
      },
      "28": {
        "name": "(anonymous_28)",
        "decl": {
          "start": { "line": 101, "column": 27 },
          "end": { "line": 101, "column": 28 }
        },
        "loc": {
          "start": { "line": 101, "column": 54 },
          "end": { "line": 115, "column": 9 }
        },
        "line": 101
      },
      "29": {
        "name": "(anonymous_29)",
        "decl": {
          "start": { "line": 103, "column": 39 },
          "end": { "line": 103, "column": 40 }
        },
        "loc": {
          "start": { "line": 103, "column": 54 },
          "end": { "line": 110, "column": 17 }
        },
        "line": 103
      },
      "30": {
        "name": "(anonymous_30)",
        "decl": {
          "start": { "line": 117, "column": 41 },
          "end": { "line": 117, "column": 42 }
        },
        "loc": {
          "start": { "line": 117, "column": 53 },
          "end": { "line": 120, "column": 5 }
        },
        "line": 117
      },
      "31": {
        "name": "(anonymous_31)",
        "decl": {
          "start": { "line": 121, "column": 47 },
          "end": { "line": 121, "column": 48 }
        },
        "loc": {
          "start": { "line": 121, "column": 63 },
          "end": { "line": 124, "column": 5 }
        },
        "line": 121
      },
      "32": {
        "name": "(anonymous_32)",
        "decl": {
          "start": { "line": 125, "column": 41 },
          "end": { "line": 125, "column": 42 }
        },
        "loc": {
          "start": { "line": 125, "column": 53 },
          "end": { "line": 127, "column": 5 }
        },
        "line": 125
      }
    },
    "branchMap": {
      "0": {
        "loc": {
          "start": { "line": 2, "column": 16 },
          "end": { "line": 10, "column": 1 }
        },
        "type": "binary-expr",
        "locations": [
          {
            "start": { "line": 2, "column": 17 },
            "end": { "line": 2, "column": 21 }
          },
          {
            "start": { "line": 2, "column": 25 },
            "end": { "line": 2, "column": 39 }
          },
          {
            "start": { "line": 2, "column": 44 },
            "end": { "line": 10, "column": 1 }
          }
        ],
        "line": 2
      },
      "1": {
        "loc": {
          "start": { "line": 3, "column": 35 },
          "end": { "line": 3, "column": 109 }
        },
        "type": "cond-expr",
        "locations": [
          {
            "start": { "line": 3, "column": 56 },
            "end": { "line": 3, "column": 61 }
          },
          {
            "start": { "line": 3, "column": 64 },
            "end": { "line": 3, "column": 109 }
          }
        ],
        "line": 3
      },
      "2": {
        "loc": {
          "start": { "line": 4, "column": 16 },
          "end": { "line": 4, "column": 34 }
        },
        "type": "binary-expr",
        "locations": [
          {
            "start": { "line": 4, "column": 16 },
            "end": { "line": 4, "column": 17 }
          },
          {
            "start": { "line": 4, "column": 22 },
            "end": { "line": 4, "column": 33 }
          }
        ],
        "line": 4
      },
      "3": {
        "loc": {
          "start": { "line": 7, "column": 32 },
          "end": { "line": 7, "column": 115 }
        },
        "type": "cond-expr",
        "locations": [
          {
            "start": { "line": 7, "column": 46 },
            "end": { "line": 7, "column": 67 }
          },
          {
            "start": { "line": 7, "column": 70 },
            "end": { "line": 7, "column": 115 }
          }
        ],
        "line": 7
      },
      "4": {
        "loc": {
          "start": { "line": 8, "column": 51 },
          "end": { "line": 8, "column": 67 }
        },
        "type": "binary-expr",
        "locations": [
          {
            "start": { "line": 8, "column": 51 },
            "end": { "line": 8, "column": 61 }
          },
          {
            "start": { "line": 8, "column": 65 },
            "end": { "line": 8, "column": 67 }
          }
        ],
        "line": 8
      },
      "5": {
        "loc": {
          "start": { "line": 11, "column": 18 },
          "end": { "line": 37, "column": 1 }
        },
        "type": "binary-expr",
        "locations": [
          {
            "start": { "line": 11, "column": 19 },
            "end": { "line": 11, "column": 23 }
          },
          {
            "start": { "line": 11, "column": 27 },
            "end": { "line": 11, "column": 43 }
          },
          {
            "start": { "line": 11, "column": 48 },
            "end": { "line": 37, "column": 1 }
          }
        ],
        "line": 11
      },
      "6": {
        "loc": {
          "start": { "line": 12, "column": 43 },
          "end": { "line": 12, "column": 68 }
        },
        "type": "if",
        "locations": [
          {
            "start": { "line": 12, "column": 43 },
            "end": { "line": 12, "column": 68 }
          },
          {
            "start": { "line": 12, "column": 43 },
            "end": { "line": 12, "column": 68 }
          }
        ],
        "line": 12
      },
      "7": {
        "loc": {
          "start": { "line": 13, "column": 71 },
          "end": { "line": 13, "column": 153 }
        },
        "type": "binary-expr",
        "locations": [
          {
            "start": { "line": 13, "column": 71 },
            "end": { "line": 13, "column": 99 }
          },
          {
            "start": { "line": 13, "column": 104 },
            "end": { "line": 13, "column": 152 }
          }
        ],
        "line": 13
      },
      "8": {
        "loc": {
          "start": { "line": 16, "column": 8 },
          "end": { "line": 16, "column": 70 }
        },
        "type": "if",
        "locations": [
          {
            "start": { "line": 16, "column": 8 },
            "end": { "line": 16, "column": 70 }
          },
          {
            "start": { "line": 16, "column": 8 },
            "end": { "line": 16, "column": 70 }
          }
        ],
        "line": 16
      },
      "9": {
        "loc": {
          "start": { "line": 17, "column": 15 },
          "end": { "line": 17, "column": 45 }
        },
        "type": "binary-expr",
        "locations": [
          {
            "start": { "line": 17, "column": 15 },
            "end": { "line": 17, "column": 16 }
          },
          {
            "start": { "line": 17, "column": 21 },
            "end": { "line": 17, "column": 44 }
          }
        ],
        "line": 17
      },
      "10": {
        "loc": {
          "start": { "line": 17, "column": 28 },
          "end": { "line": 17, "column": 44 }
        },
        "type": "binary-expr",
        "locations": [
          {
            "start": { "line": 17, "column": 28 },
            "end": { "line": 17, "column": 33 }
          },
          {
            "start": { "line": 17, "column": 38 },
            "end": { "line": 17, "column": 43 }
          }
        ],
        "line": 17
      },
      "11": {
        "loc": {
          "start": { "line": 18, "column": 12 },
          "end": { "line": 18, "column": 169 }
        },
        "type": "if",
        "locations": [
          {
            "start": { "line": 18, "column": 12 },
            "end": { "line": 18, "column": 169 }
          },
          {
            "start": { "line": 18, "column": 12 },
            "end": { "line": 18, "column": 169 }
          }
        ],
        "line": 18
      },
      "12": {
        "loc": {
          "start": { "line": 18, "column": 23 },
          "end": { "line": 18, "column": 158 }
        },
        "type": "binary-expr",
        "locations": [
          {
            "start": { "line": 18, "column": 23 },
            "end": { "line": 18, "column": 24 }
          },
          {
            "start": { "line": 18, "column": 29 },
            "end": { "line": 18, "column": 125 }
          },
          {
            "start": { "line": 18, "column": 130 },
            "end": { "line": 18, "column": 158 }
          }
        ],
        "line": 18
      },
      "13": {
        "loc": {
          "start": { "line": 18, "column": 33 },
          "end": { "line": 18, "column": 125 }
        },
        "type": "cond-expr",
        "locations": [
          {
            "start": { "line": 18, "column": 45 },
            "end": { "line": 18, "column": 56 }
          },
          {
            "start": { "line": 18, "column": 59 },
            "end": { "line": 18, "column": 125 }
          }
        ],
        "line": 18
      },
      "14": {
        "loc": {
          "start": { "line": 18, "column": 59 },
          "end": { "line": 18, "column": 125 }
        },
        "type": "cond-expr",
        "locations": [
          {
            "start": { "line": 18, "column": 67 },
            "end": { "line": 18, "column": 116 }
          },
          {
            "start": { "line": 18, "column": 119 },
            "end": { "line": 18, "column": 125 }
          }
        ],
        "line": 18
      },
      "15": {
        "loc": {
          "start": { "line": 18, "column": 67 },
          "end": { "line": 18, "column": 116 }
        },
        "type": "binary-expr",
        "locations": [
          {
            "start": { "line": 18, "column": 67 },
            "end": { "line": 18, "column": 77 }
          },
          {
            "start": { "line": 18, "column": 82 },
            "end": { "line": 18, "column": 115 }
          }
        ],
        "line": 18
      },
      "16": {
        "loc": {
          "start": { "line": 18, "column": 82 },
          "end": { "line": 18, "column": 112 }
        },
        "type": "binary-expr",
        "locations": [
          {
            "start": { "line": 18, "column": 83 },
            "end": { "line": 18, "column": 98 }
          },
          {
            "start": { "line": 18, "column": 103 },
            "end": { "line": 18, "column": 112 }
          }
        ],
        "line": 18
      },
      "17": {
        "loc": {
          "start": { "line": 19, "column": 12 },
          "end": { "line": 19, "column": 52 }
        },
        "type": "if",
        "locations": [
          {
            "start": { "line": 19, "column": 12 },
            "end": { "line": 19, "column": 52 }
          },
          {
            "start": { "line": 19, "column": 12 },
            "end": { "line": 19, "column": 52 }
          }
        ],
        "line": 19
      },
      "18": {
        "loc": {
          "start": { "line": 20, "column": 12 },
          "end": { "line": 32, "column": 13 }
        },
        "type": "switch",
        "locations": [
          {
            "start": { "line": 21, "column": 16 },
            "end": { "line": 21, "column": 23 }
          },
          {
            "start": { "line": 21, "column": 24 },
            "end": { "line": 21, "column": 46 }
          },
          {
            "start": { "line": 22, "column": 16 },
            "end": { "line": 22, "column": 72 }
          },
          {
            "start": { "line": 23, "column": 16 },
            "end": { "line": 23, "column": 65 }
          },
          {
            "start": { "line": 24, "column": 16 },
            "end": { "line": 24, "column": 65 }
          },
          {
            "start": { "line": 25, "column": 16 },
            "end": { "line": 31, "column": 43 }
          }
        ],
        "line": 20
      },
      "19": {
        "loc": {
          "start": { "line": 26, "column": 20 },
          "end": { "line": 26, "column": 128 }
        },
        "type": "if",
        "locations": [
          {
            "start": { "line": 26, "column": 20 },
            "end": { "line": 26, "column": 128 }
          },
          {
            "start": { "line": 26, "column": 20 },
            "end": { "line": 26, "column": 128 }
          }
        ],
        "line": 26
      },
      "20": {
        "loc": {
          "start": { "line": 26, "column": 24 },
          "end": { "line": 26, "column": 106 }
        },
        "type": "binary-expr",
        "locations": [
          {
            "start": { "line": 26, "column": 24 },
            "end": { "line": 26, "column": 74 }
          },
          {
            "start": { "line": 26, "column": 79 },
            "end": { "line": 26, "column": 90 }
          },
          {
            "start": { "line": 26, "column": 94 },
            "end": { "line": 26, "column": 105 }
          }
        ],
        "line": 26
      },
      "21": {
        "loc": {
          "start": { "line": 26, "column": 42 },
          "end": { "line": 26, "column": 73 }
        },
        "type": "binary-expr",
        "locations": [
          {
            "start": { "line": 26, "column": 42 },
            "end": { "line": 26, "column": 54 }
          },
          {
            "start": { "line": 26, "column": 58 },
            "end": { "line": 26, "column": 73 }
          }
        ],
        "line": 26
      },
      "22": {
        "loc": {
          "start": { "line": 27, "column": 20 },
          "end": { "line": 27, "column": 106 }
        },
        "type": "if",
        "locations": [
          {
            "start": { "line": 27, "column": 20 },
            "end": { "line": 27, "column": 106 }
          },
          {
            "start": { "line": 27, "column": 20 },
            "end": { "line": 27, "column": 106 }
          }
        ],
        "line": 27
      },
      "23": {
        "loc": {
          "start": { "line": 27, "column": 24 },
          "end": { "line": 27, "column": 77 }
        },
        "type": "binary-expr",
        "locations": [
          {
            "start": { "line": 27, "column": 24 },
            "end": { "line": 27, "column": 35 }
          },
          {
            "start": { "line": 27, "column": 40 },
            "end": { "line": 27, "column": 42 }
          },
          {
            "start": { "line": 27, "column": 47 },
            "end": { "line": 27, "column": 59 }
          },
          {
            "start": { "line": 27, "column": 63 },
            "end": { "line": 27, "column": 75 }
          }
        ],
        "line": 27
      },
      "24": {
        "loc": {
          "start": { "line": 28, "column": 20 },
          "end": { "line": 28, "column": 89 }
        },
        "type": "if",
        "locations": [
          {
            "start": { "line": 28, "column": 20 },
            "end": { "line": 28, "column": 89 }
          },
          {
            "start": { "line": 28, "column": 20 },
            "end": { "line": 28, "column": 89 }
          }
        ],
        "line": 28
      },
      "25": {
        "loc": {
          "start": { "line": 28, "column": 24 },
          "end": { "line": 28, "column": 53 }
        },
        "type": "binary-expr",
        "locations": [
          {
            "start": { "line": 28, "column": 24 },
            "end": { "line": 28, "column": 35 }
          },
          {
            "start": { "line": 28, "column": 39 },
            "end": { "line": 28, "column": 53 }
          }
        ],
        "line": 28
      },
      "26": {
        "loc": {
          "start": { "line": 29, "column": 20 },
          "end": { "line": 29, "column": 87 }
        },
        "type": "if",
        "locations": [
          {
            "start": { "line": 29, "column": 20 },
            "end": { "line": 29, "column": 87 }
          },
          {
            "start": { "line": 29, "column": 20 },
            "end": { "line": 29, "column": 87 }
          }
        ],
        "line": 29
      },
      "27": {
        "loc": {
          "start": { "line": 29, "column": 24 },
          "end": { "line": 29, "column": 43 }
        },
        "type": "binary-expr",
        "locations": [
          {
            "start": { "line": 29, "column": 24 },
            "end": { "line": 29, "column": 25 }
          },
          {
            "start": { "line": 29, "column": 29 },
            "end": { "line": 29, "column": 43 }
          }
        ],
        "line": 29
      },
      "28": {
        "loc": {
          "start": { "line": 30, "column": 20 },
          "end": { "line": 30, "column": 42 }
        },
        "type": "if",
        "locations": [
          {
            "start": { "line": 30, "column": 20 },
            "end": { "line": 30, "column": 42 }
          },
          {
            "start": { "line": 30, "column": 20 },
            "end": { "line": 30, "column": 42 }
          }
        ],
        "line": 30
      },
      "29": {
        "loc": {
          "start": { "line": 35, "column": 8 },
          "end": { "line": 35, "column": 35 }
        },
        "type": "if",
        "locations": [
          {
            "start": { "line": 35, "column": 8 },
            "end": { "line": 35, "column": 35 }
          },
          {
            "start": { "line": 35, "column": 8 },
            "end": { "line": 35, "column": 35 }
          }
        ],
        "line": 35
      },
      "30": {
        "loc": {
          "start": { "line": 35, "column": 52 },
          "end": { "line": 35, "column": 74 }
        },
        "type": "cond-expr",
        "locations": [
          {
            "start": { "line": 35, "column": 60 },
            "end": { "line": 35, "column": 65 }
          },
          {
            "start": { "line": 35, "column": 68 },
            "end": { "line": 35, "column": 74 }
          }
        ],
        "line": 35
      },
      "31": {
        "loc": {
          "start": { "line": 38, "column": 22 },
          "end": { "line": 40, "column": 1 }
        },
        "type": "binary-expr",
        "locations": [
          {
            "start": { "line": 38, "column": 23 },
            "end": { "line": 38, "column": 27 }
          },
          {
            "start": { "line": 38, "column": 31 },
            "end": { "line": 38, "column": 51 }
          },
          {
            "start": { "line": 38, "column": 56 },
            "end": { "line": 40, "column": 1 }
          }
        ],
        "line": 38
      },
      "32": {
        "loc": {
          "start": { "line": 39, "column": 11 },
          "end": { "line": 39, "column": 61 }
        },
        "type": "cond-expr",
        "locations": [
          {
            "start": { "line": 39, "column": 37 },
            "end": { "line": 39, "column": 40 }
          },
          {
            "start": { "line": 39, "column": 43 },
            "end": { "line": 39, "column": 61 }
          }
        ],
        "line": 39
      },
      "33": {
        "loc": {
          "start": { "line": 39, "column": 12 },
          "end": { "line": 39, "column": 33 }
        },
        "type": "binary-expr",
        "locations": [
          {
            "start": { "line": 39, "column": 12 },
            "end": { "line": 39, "column": 15 }
          },
          {
            "start": { "line": 39, "column": 19 },
            "end": { "line": 39, "column": 33 }
          }
        ],
        "line": 39
      },
      "34": {
        "loc": {
          "start": { "line": 80, "column": 16 },
          "end": { "line": 94, "column": 17 }
        },
        "type": "if",
        "locations": [
          {
            "start": { "line": 80, "column": 16 },
            "end": { "line": 94, "column": 17 }
          },
          {
            "start": { "line": 80, "column": 16 },
            "end": { "line": 94, "column": 17 }
          }
        ],
        "line": 80
      },
      "35": {
        "loc": {
          "start": { "line": 83, "column": 28 },
          "end": { "line": 88, "column": 29 }
        },
        "type": "switch",
        "locations": [
          {
            "start": { "line": 84, "column": 32 },
            "end": { "line": 84, "column": 81 }
          },
          {
            "start": { "line": 85, "column": 32 },
            "end": { "line": 87, "column": 58 }
          }
        ],
        "line": 83
      },
      "36": {
        "loc": {
          "start": { "line": 102, "column": 12 },
          "end": { "line": 114, "column": 13 }
        },
        "type": "if",
        "locations": [
          {
            "start": { "line": 102, "column": 12 },
            "end": { "line": 114, "column": 13 }
          },
          {
            "start": { "line": 102, "column": 12 },
            "end": { "line": 114, "column": 13 }
          }
        ],
        "line": 102
      },
      "37": {
        "loc": {
          "start": { "line": 104, "column": 20 },
          "end": { "line": 107, "column": 21 }
        },
        "type": "if",
        "locations": [
          {
            "start": { "line": 104, "column": 20 },
            "end": { "line": 107, "column": 21 }
          },
          {
            "start": { "line": 104, "column": 20 },
            "end": { "line": 107, "column": 21 }
          }
        ],
        "line": 104
      },
      "38": {
        "loc": {
          "start": { "line": 119, "column": 15 },
          "end": { "line": 119, "column": 133 }
        },
        "type": "cond-expr",
        "locations": [
          {
            "start": { "line": 119, "column": 123 },
            "end": { "line": 119, "column": 125 }
          },
          {
            "start": { "line": 119, "column": 128 },
            "end": { "line": 119, "column": 133 }
          }
        ],
        "line": 119
      },
      "39": {
        "loc": {
          "start": { "line": 119, "column": 15 },
          "end": { "line": 119, "column": 120 }
        },
        "type": "binary-expr",
        "locations": [
          {
            "start": { "line": 119, "column": 15 },
            "end": { "line": 119, "column": 103 }
          },
          {
            "start": { "line": 119, "column": 107 },
            "end": { "line": 119, "column": 120 }
          }
        ],
        "line": 119
      },
      "40": {
        "loc": {
          "start": { "line": 119, "column": 21 },
          "end": { "line": 119, "column": 93 }
        },
        "type": "cond-expr",
        "locations": [
          {
            "start": { "line": 119, "column": 72 },
            "end": { "line": 119, "column": 78 }
          },
          {
            "start": { "line": 119, "column": 81 },
            "end": { "line": 119, "column": 93 }
          }
        ],
        "line": 119
      },
      "41": {
        "loc": {
          "start": { "line": 119, "column": 21 },
          "end": { "line": 119, "column": 69 }
        },
        "type": "binary-expr",
        "locations": [
          {
            "start": { "line": 119, "column": 21 },
            "end": { "line": 119, "column": 52 }
          },
          {
            "start": { "line": 119, "column": 56 },
            "end": { "line": 119, "column": 69 }
          }
        ],
        "line": 119
      },
      "42": {
        "loc": {
          "start": { "line": 123, "column": 15 },
          "end": { "line": 123, "column": 170 }
        },
        "type": "binary-expr",
        "locations": [
          {
            "start": { "line": 123, "column": 15 },
            "end": { "line": 123, "column": 31 }
          },
          {
            "start": { "line": 123, "column": 35 },
            "end": { "line": 123, "column": 170 }
          }
        ],
        "line": 123
      },
      "43": {
        "loc": {
          "start": { "line": 123, "column": 36 },
          "end": { "line": 123, "column": 160 }
        },
        "type": "cond-expr",
        "locations": [
          {
            "start": { "line": 123, "column": 144 },
            "end": { "line": 123, "column": 150 }
          },
          {
            "start": { "line": 123, "column": 153 },
            "end": { "line": 123, "column": 160 }
          }
        ],
        "line": 123
      },
      "44": {
        "loc": {
          "start": { "line": 123, "column": 36 },
          "end": { "line": 123, "column": 141 }
        },
        "type": "binary-expr",
        "locations": [
          {
            "start": { "line": 123, "column": 36 },
            "end": { "line": 123, "column": 124 }
          },
          {
            "start": { "line": 123, "column": 128 },
            "end": { "line": 123, "column": 141 }
          }
        ],
        "line": 123
      },
      "45": {
        "loc": {
          "start": { "line": 123, "column": 42 },
          "end": { "line": 123, "column": 114 }
        },
        "type": "cond-expr",
        "locations": [
          {
            "start": { "line": 123, "column": 93 },
            "end": { "line": 123, "column": 99 }
          },
          {
            "start": { "line": 123, "column": 102 },
            "end": { "line": 123, "column": 114 }
          }
        ],
        "line": 123
      },
      "46": {
        "loc": {
          "start": { "line": 123, "column": 42 },
          "end": { "line": 123, "column": 90 }
        },
        "type": "binary-expr",
        "locations": [
          {
            "start": { "line": 123, "column": 42 },
            "end": { "line": 123, "column": 73 }
          },
          {
            "start": { "line": 123, "column": 77 },
            "end": { "line": 123, "column": 90 }
          }
        ],
        "line": 123
      }
    },
    "s": {
      "0": 1,
      "1": 0,
      "2": 0,
      "3": 2,
      "4": 0,
      "5": 0,
      "6": 0,
      "7": 0,
      "8": 0,
      "9": 0,
      "10": 1,
      "11": 2,
      "12": 1,
      "13": 2,
      "14": 0,
      "15": 0,
      "16": 0,
      "17": 2,
      "18": 0,
      "19": 6,
      "20": 2,
      "21": 2,
      "22": 0,
      "23": 2,
      "24": 4,
      "25": 4,
      "26": 0,
      "27": 4,
      "28": 0,
      "29": 4,
      "30": 2,
      "31": 2,
      "32": 0,
      "33": 0,
      "34": 0,
      "35": 0,
      "36": 0,
      "37": 0,
      "38": 0,
      "39": 0,
      "40": 0,
      "41": 2,
      "42": 2,
      "43": 2,
      "44": 0,
      "45": 0,
      "46": 0,
      "47": 0,
      "48": 0,
      "49": 0,
      "50": 0,
      "51": 0,
      "52": 0,
      "53": 0,
      "54": 0,
      "55": 0,
      "56": 0,
      "57": 0,
      "58": 0,
      "59": 2,
      "60": 1,
      "61": 1,
      "62": 4,
      "63": 2,
      "64": 1,
      "65": 1,
      "66": 1,
      "67": 3,
      "68": 1,
      "69": 1,
      "70": 1,
      "71": 1,
      "72": 1,
      "73": 5,
      "74": 5,
      "75": 5,
      "76": 1,
      "77": 2,
      "78": 2,
      "79": 2,
      "80": 2,
      "81": 2,
      "82": 1,
      "83": 5,
      "84": 5,
      "85": 1,
      "86": 1,
      "87": 1,
      "88": 2,
      "89": 2,
      "90": 2,
      "91": 2,
      "92": 2,
      "93": 1,
      "94": 0,
      "95": 0,
      "96": 0,
      "97": 0,
      "98": 0,
      "99": 0,
      "100": 1,
      "101": 1,
      "102": 1,
      "103": 6,
      "104": 6,
      "105": 6,
      "106": 3,
      "107": 3,
      "108": 1,
      "109": 1,
      "110": 2,
      "111": 2,
      "112": 3,
      "113": 1,
      "114": 5,
      "115": 1,
      "116": 1,
      "117": 1,
      "118": 0,
      "119": 1,
      "120": 1
    },
    "f": {
      "0": 2,
      "1": 0,
      "2": 0,
      "3": 2,
      "4": 0,
      "5": 0,
      "6": 1,
      "7": 2,
      "8": 0,
      "9": 0,
      "10": 6,
      "11": 2,
      "12": 2,
      "13": 3,
      "14": 1,
      "15": 5,
      "16": 2,
      "17": 2,
      "18": 2,
      "19": 5,
      "20": 1,
      "21": 2,
      "22": 2,
      "23": 2,
      "24": 0,
      "25": 0,
      "26": 0,
      "27": 6,
      "28": 6,
      "29": 3,
      "30": 5,
      "31": 1,
      "32": 0
    },
    "b": {
      "0": [1, 1, 1],
      "1": [0, 0],
      "2": [2, 2],
      "3": [1, 0],
      "4": [2, 2],
      "5": [1, 1, 1],
      "6": [0, 0],
      "7": [2, 2],
      "8": [0, 2],
      "9": [6, 2],
      "10": [2, 0],
      "11": [0, 4],
      "12": [4, 0, 0],
      "13": [0, 0],
      "14": [0, 0],
      "15": [0, 0],
      "16": [0, 0],
      "17": [0, 4],
      "18": [2, 2, 0, 0, 0, 2],
      "19": [2, 0],
      "20": [2, 2, 1],
      "21": [2, 0],
      "22": [0, 0],
      "23": [0, 0, 0, 0],
      "24": [0, 0],
      "25": [0, 0],
      "26": [0, 0],
      "27": [0, 0],
      "28": [0, 0],
      "29": [1, 1],
      "30": [1, 0],
      "31": [1, 1, 1],
      "32": [0, 3],
      "33": [3, 3],
      "34": [1, 1],
      "35": [0, 0],
      "36": [3, 3],
      "37": [1, 2],
      "38": [2, 3],
      "39": [5, 5],
      "40": [3, 2],
      "41": [5, 4],
      "42": [1, 1],
      "43": [0, 1],
      "44": [1, 1],
      "45": [0, 1],
      "46": [1, 1]
    },
    "inputSourceMap": {
      "version": 3,
      "file": "C:/Users/coliveira/robos/TC04-Payment-App/src/application/adapters/ExpressAdapter.ts",
      "sources": [
        "C:/Users/coliveira/robos/TC04-Payment-App/src/application/adapters/ExpressAdapter.ts"
      ],
      "names": [],
      "mappings": ";;;;;;;;;;;;;;;;;;;;;;;;;;;;;;;;;;;;;;;;;AAAA,oDAA8D;AAE9D,0EAA2C;AAC3C,oEAAiD;AAEjD;IAKE;QACE,IAAI,CAAC,MAAM,GAAG,IAAA,iBAAO,GAAE,CAAC;QACxB,IAAI,CAAC,SAAS,GAAG;YACf,GAAG,EAAE,IAAI,CAAC,MAAM,CAAC,GAAG,CAAC,IAAI,CAAC,IAAI,CAAC,MAAM,CAAC;YACtC,IAAI,EAAE,IAAI,CAAC,MAAM,CAAC,IAAI,CAAC,IAAI,CAAC,IAAI,CAAC,MAAM,CAAC;YACxC,GAAG,EAAE,IAAI,CAAC,MAAM,CAAC,GAAG,CAAC,IAAI,CAAC,IAAI,CAAC,MAAM,CAAC;YACtC,MAAM,EAAE,IAAI,CAAC,MAAM,CAAC,MAAM,CAAC,IAAI,CAAC,IAAI,CAAC,MAAM,CAAC;YAC5C,KAAK,EAAE,IAAI,CAAC,MAAM,CAAC,KAAK,CAAC,IAAI,CAAC,IAAI,CAAC,MAAM,CAAC;SAC3C,CAAC;QACF,IAAI,CAAC,UAAU,EAAE,CAAC;IACpB,CAAC;IAED,+BAAM,GAAN,UAAO,IAAY;QAAnB,iBAOC;QANC,OAAO,IAAI,OAAO,CAAC,UAAC,OAAO,EAAE,MAAM;YACjC,KAAI,CAAC,UAAU,GAAG,KAAI,CAAC,MAAM,CAAC,MAAM,CAAC,IAAI,EAAE;gBACzC,OAAO,EAAE,CAAC;YACZ,CAAC,CAAC,CAAC;YACH,KAAI,CAAC,UAAU,CAAC,EAAE,CAAC,OAAO,EAAE,MAAM,CAAC,CAAC;QACtC,CAAC,CAAC,CAAC;IACL,CAAC;IAEO,mCAAU,GAAlB;QACE,IAAI,CAAC,MAAM,CAAC,GAAG,CAAC,iBAAO,CAAC,IAAI,EAAE,CAAC,CAAC;QAChC,IAAI,CAAC,MAAM,CAAC,GAAG,CACb,WAAW,EACX,4BAAS,CAAC,KAAK,EACf,4BAAS,CAAC,KAAK,CAAC,sBAAe,CAAC,CACjC,CAAC;QACF,wDAAwD;IAC1D,CAAC;IAEM,+BAAM,GAAb,UAAc,KAAU;QACtB,IAAI,CAAC,MAAM,CAAC,GAAG,CAAC,KAAK,CAAC,CAAC;IACzB,CAAC;IAEK,iCAAQ,GAAd,UACE,MAAc,EACd,GAAW,EACX,QAAwD;;;;;gBAElD,aAAa,GAAG,IAAI,CAAC,SAAS,CAAC,MAAM,CAAC,WAAW,EAAE,CAAC,CAAC;gBAE3D,IAAI,aAAa,EAAE;oBACjB,aAAa,CAAC,GAAG,EAAE,UAAO,GAAY,EAAE,GAAa;;;wCACnD,qBAAM,QAAQ,CAAC,GAAG,EAAE,GAAG,CAAC,EAAA;;oCAAxB,SAAwB,CAAC;;;;yBAC1B,CAAC,CAAC;iBACJ;qBAAM;oBACL,MAAM,IAAI,KAAK,CAAC,0BAAmB,MAAM,CAAE,CAAC,CAAC;iBAC9C;;;;KACF;IAED,8BAAK,GAAL;QAAA,iBAeC;QAdC,OAAO,IAAI,OAAO,CAAO,UAAC,OAAO,EAAE,MAAM;YACvC,IAAI,KAAI,CAAC,UAAU,EAAE;gBACnB,KAAI,CAAC,UAAU,CAAC,KAAK,CAAC,UAAC,GAAQ;oBAC7B,IAAI,GAAG,EAAE;wBACP,MAAM,CAAC,GAAG,CAAC,CAAC;wBACZ,OAAO;qBACR;oBACD,KAAI,CAAC,UAAU,GAAG,IAAI,CAAC;oBACvB,OAAO,EAAE,CAAC;gBACZ,CAAC,CAAC,CAAC;aACJ;iBAAM;gBACL,OAAO,EAAE,CAAC,CAAC,mDAAmD;aAC/D;QACH,CAAC,CAAC,CAAC;IACL,CAAC;IAED,kCAAS,GAAT;;QACE,OAAO,MAAA,MAAA,IAAI,CAAC,UAAU,0CAAE,SAAS,mCAAI,KAAK,CAAC;IAC7C,CAAC;IAED,wCAAe,GAAf,UAAgB,IAAY;;QAC1B,OAAO,IAAI,CAAC,SAAS,EAAE,IAAI,CAAA,MAAA,MAAA,IAAI,CAAC,UAAU,0CAAE,OAAO,EAAE,0CAAE,IAAI,MAAK,IAAI,CAAC;IACvE,CAAC;IAED,kCAAS,GAAT;QACE,OAAO,IAAI,CAAC,MAAM,CAAC;IACrB,CAAC;IACH,qBAAC;AAAD,CAAC,AApFD,IAoFC",
      "sourcesContent": [
        "import express, { Express, Request, Response } from 'express';\r\nimport HttpServer from '../ports/HttpServer';\r\nimport swaggerUI from 'swagger-ui-express';\r\nimport swaggerDocument from '../../swagger.json';\r\n\r\nexport default class ExpressAdapter implements HttpServer {\r\n  server: any;\r\n  private httpServer: any;\r\n  private methodMap: { [key: string]: Function };\r\n\r\n  constructor() {\r\n    this.server = express();\r\n    this.methodMap = {\r\n      get: this.server.get.bind(this.server),\r\n      post: this.server.post.bind(this.server),\r\n      put: this.server.put.bind(this.server),\r\n      delete: this.server.delete.bind(this.server),\r\n      patch: this.server.patch.bind(this.server),\r\n    };\r\n    this.middleware();\r\n  }\r\n\r\n  listen(port: number): Promise<void> {\r\n    return new Promise((resolve, reject) => {\r\n      this.httpServer = this.server.listen(port, () => {\r\n        resolve();\r\n      });\r\n      this.httpServer.on('error', reject);\r\n    });\r\n  }\r\n\r\n  private middleware() {\r\n    this.server.use(express.json());\r\n    this.server.use(\r\n      '/api-docs',\r\n      swaggerUI.serve,\r\n      swaggerUI.setup(swaggerDocument),\r\n    );\r\n    // this.server.use(verifyToken); //TODO voltar com token\r\n  }\r\n\r\n  public router(route: any) {\r\n    this.server.use(route);\r\n  }\r\n\r\n  async register(\r\n    method: string,\r\n    url: string,\r\n    callback: (req: Request, res: Response) => Promise<void>,\r\n  ): Promise<void> {\r\n    const expressMethod = this.methodMap[method.toLowerCase()];\r\n\r\n    if (expressMethod) {\r\n      expressMethod(url, async (req: Request, res: Response) => {\r\n        await callback(req, res);\r\n      });\r\n    } else {\r\n      throw new Error(`Invalid method: ${method}`);\r\n    }\r\n  }\r\n\r\n  close(): Promise<void> {\r\n    return new Promise<void>((resolve, reject) => {\r\n      if (this.httpServer) {\r\n        this.httpServer.close((err: any) => {\r\n          if (err) {\r\n            reject(err);\r\n            return;\r\n          }\r\n          this.httpServer = null;\r\n          resolve();\r\n        });\r\n      } else {\r\n        resolve(); // Resolve immediately if the server is not started\r\n      }\r\n    });\r\n  }\r\n\r\n  isRunning(): boolean {\r\n    return this.httpServer?.listening ?? false;\r\n  }\r\n\r\n  isRunningOnPort(port: number): boolean {\r\n    return this.isRunning() && this.httpServer?.address()?.port === port;\r\n  }\r\n\r\n  getServer(): Express {\r\n    return this.server;\r\n  }\r\n}\r\n"
      ]
    },
    "_coverageSchema": "1a1c01bbd47fc00a2c39e90264f33305004495a9",
    "hash": "d5e4396864792f99f9eff2cc8178bd5abdaab547",
    "contentHash": "b601458e6b3acb6bdd6eb6d0d1c508696b878eed757d1184dae564b6fe849c38"
  },
  "C:\\Users\\coliveira\\robos\\TC04-Payment-App\\src\\infrastructure\\api\\payment.route.ts": {
    "path": "C:\\Users\\coliveira\\robos\\TC04-Payment-App\\src\\infrastructure\\api\\payment.route.ts",
    "statementMap": {
      "0": {
        "start": { "line": 2, "column": 16 },
        "end": { "line": 10, "column": 1 }
      },
      "1": {
        "start": { "line": 3, "column": 28 },
        "end": { "line": 3, "column": 110 }
      },
      "2": {
        "start": { "line": 3, "column": 91 },
        "end": { "line": 3, "column": 106 }
      },
      "3": {
        "start": { "line": 4, "column": 4 },
        "end": { "line": 9, "column": 7 }
      },
      "4": {
        "start": { "line": 5, "column": 36 },
        "end": { "line": 5, "column": 97 }
      },
      "5": {
        "start": { "line": 5, "column": 42 },
        "end": { "line": 5, "column": 70 }
      },
      "6": {
        "start": { "line": 5, "column": 85 },
        "end": { "line": 5, "column": 95 }
      },
      "7": {
        "start": { "line": 6, "column": 35 },
        "end": { "line": 6, "column": 100 }
      },
      "8": {
        "start": { "line": 6, "column": 41 },
        "end": { "line": 6, "column": 73 }
      },
      "9": {
        "start": { "line": 6, "column": 88 },
        "end": { "line": 6, "column": 98 }
      },
      "10": {
        "start": { "line": 7, "column": 32 },
        "end": { "line": 7, "column": 116 }
      },
      "11": {
        "start": { "line": 8, "column": 8 },
        "end": { "line": 8, "column": 78 }
      },
      "12": {
        "start": { "line": 11, "column": 18 },
        "end": { "line": 37, "column": 1 }
      },
      "13": {
        "start": { "line": 12, "column": 12 },
        "end": { "line": 12, "column": 104 }
      },
      "14": {
        "start": { "line": 12, "column": 43 },
        "end": { "line": 12, "column": 68 }
      },
      "15": {
        "start": { "line": 12, "column": 57 },
        "end": { "line": 12, "column": 68 }
      },
      "16": {
        "start": { "line": 12, "column": 69 },
        "end": { "line": 12, "column": 81 }
      },
      "17": {
        "start": { "line": 13, "column": 4 },
        "end": { "line": 13, "column": 157 }
      },
      "18": {
        "start": { "line": 13, "column": 138 },
        "end": { "line": 13, "column": 150 }
      },
      "19": {
        "start": { "line": 14, "column": 23 },
        "end": { "line": 14, "column": 68 }
      },
      "20": {
        "start": { "line": 14, "column": 45 },
        "end": { "line": 14, "column": 65 }
      },
      "21": {
        "start": { "line": 16, "column": 8 },
        "end": { "line": 16, "column": 70 }
      },
      "22": {
        "start": { "line": 16, "column": 15 },
        "end": { "line": 16, "column": 70 }
      },
      "23": {
        "start": { "line": 17, "column": 8 },
        "end": { "line": 34, "column": 66 }
      },
      "24": {
        "start": { "line": 17, "column": 50 },
        "end": { "line": 34, "column": 66 }
      },
      "25": {
        "start": { "line": 18, "column": 12 },
        "end": { "line": 18, "column": 169 }
      },
      "26": {
        "start": { "line": 18, "column": 160 },
        "end": { "line": 18, "column": 169 }
      },
      "27": {
        "start": { "line": 19, "column": 12 },
        "end": { "line": 19, "column": 52 }
      },
      "28": {
        "start": { "line": 19, "column": 26 },
        "end": { "line": 19, "column": 52 }
      },
      "29": {
        "start": { "line": 20, "column": 12 },
        "end": { "line": 32, "column": 13 }
      },
      "30": {
        "start": { "line": 21, "column": 32 },
        "end": { "line": 21, "column": 39 }
      },
      "31": {
        "start": { "line": 21, "column": 40 },
        "end": { "line": 21, "column": 46 }
      },
      "32": {
        "start": { "line": 22, "column": 24 },
        "end": { "line": 22, "column": 34 }
      },
      "33": {
        "start": { "line": 22, "column": 35 },
        "end": { "line": 22, "column": 72 }
      },
      "34": {
        "start": { "line": 23, "column": 24 },
        "end": { "line": 23, "column": 34 }
      },
      "35": {
        "start": { "line": 23, "column": 35 },
        "end": { "line": 23, "column": 45 }
      },
      "36": {
        "start": { "line": 23, "column": 46 },
        "end": { "line": 23, "column": 55 }
      },
      "37": {
        "start": { "line": 23, "column": 56 },
        "end": { "line": 23, "column": 65 }
      },
      "38": {
        "start": { "line": 24, "column": 24 },
        "end": { "line": 24, "column": 41 }
      },
      "39": {
        "start": { "line": 24, "column": 42 },
        "end": { "line": 24, "column": 55 }
      },
      "40": {
        "start": { "line": 24, "column": 56 },
        "end": { "line": 24, "column": 65 }
      },
      "41": {
        "start": { "line": 26, "column": 20 },
        "end": { "line": 26, "column": 128 }
      },
      "42": {
        "start": { "line": 26, "column": 110 },
        "end": { "line": 26, "column": 116 }
      },
      "43": {
        "start": { "line": 26, "column": 117 },
        "end": { "line": 26, "column": 126 }
      },
      "44": {
        "start": { "line": 27, "column": 20 },
        "end": { "line": 27, "column": 106 }
      },
      "45": {
        "start": { "line": 27, "column": 81 },
        "end": { "line": 27, "column": 97 }
      },
      "46": {
        "start": { "line": 27, "column": 98 },
        "end": { "line": 27, "column": 104 }
      },
      "47": {
        "start": { "line": 28, "column": 20 },
        "end": { "line": 28, "column": 89 }
      },
      "48": {
        "start": { "line": 28, "column": 57 },
        "end": { "line": 28, "column": 72 }
      },
      "49": {
        "start": { "line": 28, "column": 73 },
        "end": { "line": 28, "column": 80 }
      },
      "50": {
        "start": { "line": 28, "column": 81 },
        "end": { "line": 28, "column": 87 }
      },
      "51": {
        "start": { "line": 29, "column": 20 },
        "end": { "line": 29, "column": 87 }
      },
      "52": {
        "start": { "line": 29, "column": 47 },
        "end": { "line": 29, "column": 62 }
      },
      "53": {
        "start": { "line": 29, "column": 63 },
        "end": { "line": 29, "column": 78 }
      },
      "54": {
        "start": { "line": 29, "column": 79 },
        "end": { "line": 29, "column": 85 }
      },
      "55": {
        "start": { "line": 30, "column": 20 },
        "end": { "line": 30, "column": 42 }
      },
      "56": {
        "start": { "line": 30, "column": 30 },
        "end": { "line": 30, "column": 42 }
      },
      "57": {
        "start": { "line": 31, "column": 20 },
        "end": { "line": 31, "column": 33 }
      },
      "58": {
        "start": { "line": 31, "column": 34 },
        "end": { "line": 31, "column": 43 }
      },
      "59": {
        "start": { "line": 33, "column": 12 },
        "end": { "line": 33, "column": 39 }
      },
      "60": {
        "start": { "line": 34, "column": 22 },
        "end": { "line": 34, "column": 34 }
      },
      "61": {
        "start": { "line": 34, "column": 35 },
        "end": { "line": 34, "column": 41 }
      },
      "62": {
        "start": { "line": 34, "column": 54 },
        "end": { "line": 34, "column": 64 }
      },
      "63": {
        "start": { "line": 35, "column": 8 },
        "end": { "line": 35, "column": 35 }
      },
      "64": {
        "start": { "line": 35, "column": 23 },
        "end": { "line": 35, "column": 35 }
      },
      "65": {
        "start": { "line": 35, "column": 36 },
        "end": { "line": 35, "column": 89 }
      },
      "66": {
        "start": { "line": 38, "column": 0 },
        "end": { "line": 38, "column": 62 }
      },
      "67": {
        "start": { "line": 39, "column": 31 },
        "end": { "line": 39, "column": 108 }
      },
      "68": {
        "start": { "line": 40, "column": 34 },
        "end": { "line": 72, "column": 3 }
      },
      "69": {
        "start": { "line": 42, "column": 8 },
        "end": { "line": 42, "column": 37 }
      },
      "70": {
        "start": { "line": 43, "column": 8 },
        "end": { "line": 43, "column": 22 }
      },
      "71": {
        "start": { "line": 45, "column": 4 },
        "end": { "line": 70, "column": 6 }
      },
      "72": {
        "start": { "line": 46, "column": 8 },
        "end": { "line": 69, "column": 11 }
      },
      "73": {
        "start": { "line": 47, "column": 24 },
        "end": { "line": 47, "column": 28 }
      },
      "74": {
        "start": { "line": 48, "column": 12 },
        "end": { "line": 68, "column": 15 }
      },
      "75": {
        "start": { "line": 49, "column": 16 },
        "end": { "line": 66, "column": 23 }
      },
      "76": {
        "start": { "line": 49, "column": 89 },
        "end": { "line": 66, "column": 19 }
      },
      "77": {
        "start": { "line": 51, "column": 20 },
        "end": { "line": 65, "column": 23 }
      },
      "78": {
        "start": { "line": 52, "column": 24 },
        "end": { "line": 64, "column": 25 }
      },
      "79": {
        "start": { "line": 54, "column": 32 },
        "end": { "line": 54, "column": 58 }
      },
      "80": {
        "start": { "line": 55, "column": 32 },
        "end": { "line": 55, "column": 85 }
      },
      "81": {
        "start": { "line": 56, "column": 32 },
        "end": { "line": 56, "column": 122 }
      },
      "82": {
        "start": { "line": 58, "column": 32 },
        "end": { "line": 58, "column": 51 }
      },
      "83": {
        "start": { "line": 59, "column": 32 },
        "end": { "line": 59, "column": 91 }
      },
      "84": {
        "start": { "line": 61, "column": 32 },
        "end": { "line": 61, "column": 52 }
      },
      "85": {
        "start": { "line": 62, "column": 32 },
        "end": { "line": 62, "column": 96 }
      },
      "86": {
        "start": { "line": 63, "column": 36 },
        "end": { "line": 63, "column": 58 }
      },
      "87": {
        "start": { "line": 67, "column": 16 },
        "end": { "line": 67, "column": 38 }
      },
      "88": {
        "start": { "line": 71, "column": 4 },
        "end": { "line": 71, "column": 24 }
      },
      "89": {
        "start": { "line": 73, "column": 0 },
        "end": { "line": 73, "column": 31 }
      }
    },
    "fnMap": {
      "0": {
        "name": "(anonymous_0)",
        "decl": {
          "start": { "line": 2, "column": 44 },
          "end": { "line": 2, "column": 45 }
        },
        "loc": {
          "start": { "line": 2, "column": 89 },
          "end": { "line": 10, "column": 1 }
        },
        "line": 2
      },
      "1": {
        "name": "adopt",
        "decl": {
          "start": { "line": 3, "column": 13 },
          "end": { "line": 3, "column": 18 }
        },
        "loc": {
          "start": { "line": 3, "column": 26 },
          "end": { "line": 3, "column": 112 }
        },
        "line": 3
      },
      "2": {
        "name": "(anonymous_2)",
        "decl": {
          "start": { "line": 3, "column": 70 },
          "end": { "line": 3, "column": 71 }
        },
        "loc": {
          "start": { "line": 3, "column": 89 },
          "end": { "line": 3, "column": 108 }
        },
        "line": 3
      },
      "3": {
        "name": "(anonymous_3)",
        "decl": {
          "start": { "line": 4, "column": 36 },
          "end": { "line": 4, "column": 37 }
        },
        "loc": {
          "start": { "line": 4, "column": 63 },
          "end": { "line": 9, "column": 5 }
        },
        "line": 4
      },
      "4": {
        "name": "fulfilled",
        "decl": {
          "start": { "line": 5, "column": 17 },
          "end": { "line": 5, "column": 26 }
        },
        "loc": {
          "start": { "line": 5, "column": 34 },
          "end": { "line": 5, "column": 99 }
        },
        "line": 5
      },
      "5": {
        "name": "rejected",
        "decl": {
          "start": { "line": 6, "column": 17 },
          "end": { "line": 6, "column": 25 }
        },
        "loc": {
          "start": { "line": 6, "column": 33 },
          "end": { "line": 6, "column": 102 }
        },
        "line": 6
      },
      "6": {
        "name": "step",
        "decl": {
          "start": { "line": 7, "column": 17 },
          "end": { "line": 7, "column": 21 }
        },
        "loc": {
          "start": { "line": 7, "column": 30 },
          "end": { "line": 7, "column": 118 }
        },
        "line": 7
      },
      "7": {
        "name": "(anonymous_7)",
        "decl": {
          "start": { "line": 11, "column": 48 },
          "end": { "line": 11, "column": 49 }
        },
        "loc": {
          "start": { "line": 11, "column": 73 },
          "end": { "line": 37, "column": 1 }
        },
        "line": 11
      },
      "8": {
        "name": "(anonymous_8)",
        "decl": {
          "start": { "line": 12, "column": 30 },
          "end": { "line": 12, "column": 31 }
        },
        "loc": {
          "start": { "line": 12, "column": 41 },
          "end": { "line": 12, "column": 83 }
        },
        "line": 12
      },
      "9": {
        "name": "(anonymous_9)",
        "decl": {
          "start": { "line": 13, "column": 125 },
          "end": { "line": 13, "column": 126 }
        },
        "loc": {
          "start": { "line": 13, "column": 136 },
          "end": { "line": 13, "column": 152 }
        },
        "line": 13
      },
      "10": {
        "name": "verb",
        "decl": {
          "start": { "line": 14, "column": 13 },
          "end": { "line": 14, "column": 17 }
        },
        "loc": {
          "start": { "line": 14, "column": 21 },
          "end": { "line": 14, "column": 70 }
        },
        "line": 14
      },
      "11": {
        "name": "(anonymous_11)",
        "decl": {
          "start": { "line": 14, "column": 30 },
          "end": { "line": 14, "column": 31 }
        },
        "loc": {
          "start": { "line": 14, "column": 43 },
          "end": { "line": 14, "column": 67 }
        },
        "line": 14
      },
      "12": {
        "name": "step",
        "decl": {
          "start": { "line": 15, "column": 13 },
          "end": { "line": 15, "column": 17 }
        },
        "loc": {
          "start": { "line": 15, "column": 22 },
          "end": { "line": 36, "column": 5 }
        },
        "line": 15
      },
      "13": {
        "name": "(anonymous_13)",
        "decl": {
          "start": { "line": 40, "column": 34 },
          "end": { "line": 40, "column": 35 }
        },
        "loc": {
          "start": { "line": 40, "column": 46 },
          "end": { "line": 72, "column": 1 }
        },
        "line": 40
      },
      "14": {
        "name": "PaymentRoute",
        "decl": {
          "start": { "line": 41, "column": 13 },
          "end": { "line": 41, "column": 25 }
        },
        "loc": {
          "start": { "line": 41, "column": 38 },
          "end": { "line": 44, "column": 5 }
        },
        "line": 41
      },
      "15": {
        "name": "(anonymous_15)",
        "decl": {
          "start": { "line": 45, "column": 36 },
          "end": { "line": 45, "column": 37 }
        },
        "loc": {
          "start": { "line": 45, "column": 48 },
          "end": { "line": 70, "column": 5 }
        },
        "line": 45
      },
      "16": {
        "name": "(anonymous_16)",
        "decl": {
          "start": { "line": 46, "column": 47 },
          "end": { "line": 46, "column": 48 }
        },
        "loc": {
          "start": { "line": 46, "column": 59 },
          "end": { "line": 69, "column": 9 }
        },
        "line": 46
      },
      "17": {
        "name": "(anonymous_17)",
        "decl": {
          "start": { "line": 48, "column": 37 },
          "end": { "line": 48, "column": 38 }
        },
        "loc": {
          "start": { "line": 48, "column": 51 },
          "end": { "line": 68, "column": 13 }
        },
        "line": 48
      },
      "18": {
        "name": "(anonymous_18)",
        "decl": {
          "start": { "line": 49, "column": 67 },
          "end": { "line": 49, "column": 68 }
        },
        "loc": {
          "start": { "line": 49, "column": 87 },
          "end": { "line": 66, "column": 21 }
        },
        "line": 49
      },
      "19": {
        "name": "(anonymous_19)",
        "decl": {
          "start": { "line": 49, "column": 129 },
          "end": { "line": 49, "column": 130 }
        },
        "loc": {
          "start": { "line": 49, "column": 141 },
          "end": { "line": 66, "column": 17 }
        },
        "line": 49
      },
      "20": {
        "name": "(anonymous_20)",
        "decl": {
          "start": { "line": 51, "column": 45 },
          "end": { "line": 51, "column": 46 }
        },
        "loc": {
          "start": { "line": 51, "column": 59 },
          "end": { "line": 65, "column": 21 }
        },
        "line": 51
      }
    },
    "branchMap": {
      "0": {
        "loc": {
          "start": { "line": 2, "column": 16 },
          "end": { "line": 10, "column": 1 }
        },
        "type": "binary-expr",
        "locations": [
          {
            "start": { "line": 2, "column": 17 },
            "end": { "line": 2, "column": 21 }
          },
          {
            "start": { "line": 2, "column": 25 },
            "end": { "line": 2, "column": 39 }
          },
          {
            "start": { "line": 2, "column": 44 },
            "end": { "line": 10, "column": 1 }
          }
        ],
        "line": 2
      },
      "1": {
        "loc": {
          "start": { "line": 3, "column": 35 },
          "end": { "line": 3, "column": 109 }
        },
        "type": "cond-expr",
        "locations": [
          {
            "start": { "line": 3, "column": 56 },
            "end": { "line": 3, "column": 61 }
          },
          {
            "start": { "line": 3, "column": 64 },
            "end": { "line": 3, "column": 109 }
          }
        ],
        "line": 3
      },
      "2": {
        "loc": {
          "start": { "line": 4, "column": 16 },
          "end": { "line": 4, "column": 34 }
        },
        "type": "binary-expr",
        "locations": [
          {
            "start": { "line": 4, "column": 16 },
            "end": { "line": 4, "column": 17 }
          },
          {
            "start": { "line": 4, "column": 22 },
            "end": { "line": 4, "column": 33 }
          }
        ],
        "line": 4
      },
      "3": {
        "loc": {
          "start": { "line": 7, "column": 32 },
          "end": { "line": 7, "column": 115 }
        },
        "type": "cond-expr",
        "locations": [
          {
            "start": { "line": 7, "column": 46 },
            "end": { "line": 7, "column": 67 }
          },
          {
            "start": { "line": 7, "column": 70 },
            "end": { "line": 7, "column": 115 }
          }
        ],
        "line": 7
      },
      "4": {
        "loc": {
          "start": { "line": 8, "column": 51 },
          "end": { "line": 8, "column": 67 }
        },
        "type": "binary-expr",
        "locations": [
          {
            "start": { "line": 8, "column": 51 },
            "end": { "line": 8, "column": 61 }
          },
          {
            "start": { "line": 8, "column": 65 },
            "end": { "line": 8, "column": 67 }
          }
        ],
        "line": 8
      },
      "5": {
        "loc": {
          "start": { "line": 11, "column": 18 },
          "end": { "line": 37, "column": 1 }
        },
        "type": "binary-expr",
        "locations": [
          {
            "start": { "line": 11, "column": 19 },
            "end": { "line": 11, "column": 23 }
          },
          {
            "start": { "line": 11, "column": 27 },
            "end": { "line": 11, "column": 43 }
          },
          {
            "start": { "line": 11, "column": 48 },
            "end": { "line": 37, "column": 1 }
          }
        ],
        "line": 11
      },
      "6": {
        "loc": {
          "start": { "line": 12, "column": 43 },
          "end": { "line": 12, "column": 68 }
        },
        "type": "if",
        "locations": [
          {
            "start": { "line": 12, "column": 43 },
            "end": { "line": 12, "column": 68 }
          },
          {
            "start": { "line": 12, "column": 43 },
            "end": { "line": 12, "column": 68 }
          }
        ],
        "line": 12
      },
      "7": {
        "loc": {
          "start": { "line": 13, "column": 71 },
          "end": { "line": 13, "column": 153 }
        },
        "type": "binary-expr",
        "locations": [
          {
            "start": { "line": 13, "column": 71 },
            "end": { "line": 13, "column": 99 }
          },
          {
            "start": { "line": 13, "column": 104 },
            "end": { "line": 13, "column": 152 }
          }
        ],
        "line": 13
      },
      "8": {
        "loc": {
          "start": { "line": 16, "column": 8 },
          "end": { "line": 16, "column": 70 }
        },
        "type": "if",
        "locations": [
          {
            "start": { "line": 16, "column": 8 },
            "end": { "line": 16, "column": 70 }
          },
          {
            "start": { "line": 16, "column": 8 },
            "end": { "line": 16, "column": 70 }
          }
        ],
        "line": 16
      },
      "9": {
        "loc": {
          "start": { "line": 17, "column": 15 },
          "end": { "line": 17, "column": 45 }
        },
        "type": "binary-expr",
        "locations": [
          {
            "start": { "line": 17, "column": 15 },
            "end": { "line": 17, "column": 16 }
          },
          {
            "start": { "line": 17, "column": 21 },
            "end": { "line": 17, "column": 44 }
          }
        ],
        "line": 17
      },
      "10": {
        "loc": {
          "start": { "line": 17, "column": 28 },
          "end": { "line": 17, "column": 44 }
        },
        "type": "binary-expr",
        "locations": [
          {
            "start": { "line": 17, "column": 28 },
            "end": { "line": 17, "column": 33 }
          },
          {
            "start": { "line": 17, "column": 38 },
            "end": { "line": 17, "column": 43 }
          }
        ],
        "line": 17
      },
      "11": {
        "loc": {
          "start": { "line": 18, "column": 12 },
          "end": { "line": 18, "column": 169 }
        },
        "type": "if",
        "locations": [
          {
            "start": { "line": 18, "column": 12 },
            "end": { "line": 18, "column": 169 }
[...]
          },
          {
            "start": { "line": 16, "column": 8 },
            "end": { "line": 16, "column": 70 }
          }
        ],
        "line": 16
      },
      "9": {
        "loc": {
          "start": { "line": 17, "column": 15 },
          "end": { "line": 17, "column": 45 }
        },
        "type": "binary-expr",
        "locations": [
          {
            "start": { "line": 17, "column": 15 },
            "end": { "line": 17, "column": 16 }
          },
          {
            "start": { "line": 17, "column": 21 },
            "end": { "line": 17, "column": 44 }
          }
        ],
        "line": 17
      },
      "10": {
        "loc": {
          "start": { "line": 17, "column": 28 },
          "end": { "line": 17, "column": 44 }
        },
        "type": "binary-expr",
        "locations": [
          {
            "start": { "line": 17, "column": 28 },
            "end": { "line": 17, "column": 33 }
          },
          {
            "start": { "line": 17, "column": 38 },
            "end": { "line": 17, "column": 43 }
          }
        ],
        "line": 17
      },
      "11": {
        "loc": {
          "start": { "line": 18, "column": 12 },
          "end": { "line": 18, "column": 169 }
        },
        "type": "if",
        "locations": [
          {
            "start": { "line": 18, "column": 12 },
            "end": { "line": 18, "column": 169 }
          },
          {
            "start": { "line": 18, "column": 12 },
            "end": { "line": 18, "column": 169 }
          }
        ],
        "line": 18
      },
      "12": {
        "loc": {
          "start": { "line": 18, "column": 23 },
          "end": { "line": 18, "column": 158 }
        },
        "type": "binary-expr",
        "locations": [
          {
            "start": { "line": 18, "column": 23 },
            "end": { "line": 18, "column": 24 }
          },
          {
            "start": { "line": 18, "column": 29 },
            "end": { "line": 18, "column": 125 }
          },
          {
            "start": { "line": 18, "column": 130 },
            "end": { "line": 18, "column": 158 }
          }
        ],
        "line": 18
      },
      "13": {
        "loc": {
          "start": { "line": 18, "column": 33 },
          "end": { "line": 18, "column": 125 }
        },
        "type": "cond-expr",
        "locations": [
          {
            "start": { "line": 18, "column": 45 },
            "end": { "line": 18, "column": 56 }
          },
          {
            "start": { "line": 18, "column": 59 },
            "end": { "line": 18, "column": 125 }
          }
        ],
        "line": 18
      },
      "14": {
        "loc": {
          "start": { "line": 18, "column": 59 },
          "end": { "line": 18, "column": 125 }
        },
        "type": "cond-expr",
        "locations": [
          {
            "start": { "line": 18, "column": 67 },
            "end": { "line": 18, "column": 116 }
          },
          {
            "start": { "line": 18, "column": 119 },
            "end": { "line": 18, "column": 125 }
          }
        ],
        "line": 18
      },
      "15": {
        "loc": {
          "start": { "line": 18, "column": 67 },
          "end": { "line": 18, "column": 116 }
        },
        "type": "binary-expr",
        "locations": [
          {
            "start": { "line": 18, "column": 67 },
            "end": { "line": 18, "column": 77 }
          },
          {
            "start": { "line": 18, "column": 82 },
            "end": { "line": 18, "column": 115 }
          }
        ],
        "line": 18
      },
      "16": {
        "loc": {
          "start": { "line": 18, "column": 82 },
          "end": { "line": 18, "column": 112 }
        },
        "type": "binary-expr",
        "locations": [
          {
            "start": { "line": 18, "column": 83 },
            "end": { "line": 18, "column": 98 }
          },
          {
            "start": { "line": 18, "column": 103 },
            "end": { "line": 18, "column": 112 }
          }
        ],
        "line": 18
      },
      "17": {
        "loc": {
          "start": { "line": 19, "column": 12 },
          "end": { "line": 19, "column": 52 }
        },
        "type": "if",
        "locations": [
          {
            "start": { "line": 19, "column": 12 },
            "end": { "line": 19, "column": 52 }
          },
          {
            "start": { "line": 19, "column": 12 },
            "end": { "line": 19, "column": 52 }
          }
        ],
        "line": 19
      },
      "18": {
        "loc": {
          "start": { "line": 20, "column": 12 },
          "end": { "line": 32, "column": 13 }
        },
        "type": "switch",
        "locations": [
          {
            "start": { "line": 21, "column": 16 },
            "end": { "line": 21, "column": 23 }
          },
          {
            "start": { "line": 21, "column": 24 },
            "end": { "line": 21, "column": 46 }
          },
          {
            "start": { "line": 22, "column": 16 },
            "end": { "line": 22, "column": 72 }
          },
          {
            "start": { "line": 23, "column": 16 },
            "end": { "line": 23, "column": 65 }
          },
          {
            "start": { "line": 24, "column": 16 },
            "end": { "line": 24, "column": 65 }
          },
          {
            "start": { "line": 25, "column": 16 },
            "end": { "line": 31, "column": 43 }
          }
        ],
        "line": 20
      },
      "19": {
        "loc": {
          "start": { "line": 26, "column": 20 },
          "end": { "line": 26, "column": 128 }
        },
        "type": "if",
        "locations": [
          {
            "start": { "line": 26, "column": 20 },
            "end": { "line": 26, "column": 128 }
          },
          {
            "start": { "line": 26, "column": 20 },
            "end": { "line": 26, "column": 128 }
          }
        ],
        "line": 26
      },
      "20": {
        "loc": {
          "start": { "line": 26, "column": 24 },
          "end": { "line": 26, "column": 106 }
        },
        "type": "binary-expr",
        "locations": [
          {
            "start": { "line": 26, "column": 24 },
            "end": { "line": 26, "column": 74 }
          },
          {
            "start": { "line": 26, "column": 79 },
            "end": { "line": 26, "column": 90 }
          },
          {
            "start": { "line": 26, "column": 94 },
            "end": { "line": 26, "column": 105 }
          }
        ],
        "line": 26
      },
      "21": {
        "loc": {
          "start": { "line": 26, "column": 42 },
          "end": { "line": 26, "column": 73 }
        },
        "type": "binary-expr",
        "locations": [
          {
            "start": { "line": 26, "column": 42 },
            "end": { "line": 26, "column": 54 }
          },
          {
            "start": { "line": 26, "column": 58 },
            "end": { "line": 26, "column": 73 }
          }
        ],
        "line": 26
      },
      "22": {
        "loc": {
          "start": { "line": 27, "column": 20 },
          "end": { "line": 27, "column": 106 }
        },
        "type": "if",
        "locations": [
          {
            "start": { "line": 27, "column": 20 },
            "end": { "line": 27, "column": 106 }
          },
          {
            "start": { "line": 27, "column": 20 },
            "end": { "line": 27, "column": 106 }
          }
        ],
        "line": 27
      },
      "23": {
        "loc": {
          "start": { "line": 27, "column": 24 },
          "end": { "line": 27, "column": 77 }
        },
        "type": "binary-expr",
        "locations": [
          {
            "start": { "line": 27, "column": 24 },
            "end": { "line": 27, "column": 35 }
          },
          {
            "start": { "line": 27, "column": 40 },
            "end": { "line": 27, "column": 42 }
          },
          {
            "start": { "line": 27, "column": 47 },
            "end": { "line": 27, "column": 59 }
          },
          {
            "start": { "line": 27, "column": 63 },
            "end": { "line": 27, "column": 75 }
          }
        ],
        "line": 27
      },
      "24": {
        "loc": {
          "start": { "line": 28, "column": 20 },
          "end": { "line": 28, "column": 89 }
        },
        "type": "if",
        "locations": [
          {
            "start": { "line": 28, "column": 20 },
            "end": { "line": 28, "column": 89 }
          },
          {
            "start": { "line": 28, "column": 20 },
            "end": { "line": 28, "column": 89 }
          }
        ],
        "line": 28
      },
      "25": {
        "loc": {
          "start": { "line": 28, "column": 24 },
          "end": { "line": 28, "column": 53 }
        },
        "type": "binary-expr",
        "locations": [
          {
            "start": { "line": 28, "column": 24 },
            "end": { "line": 28, "column": 35 }
          },
          {
            "start": { "line": 28, "column": 39 },
            "end": { "line": 28, "column": 53 }
          }
        ],
        "line": 28
      },
      "26": {
        "loc": {
          "start": { "line": 29, "column": 20 },
          "end": { "line": 29, "column": 87 }
        },
        "type": "if",
        "locations": [
          {
            "start": { "line": 29, "column": 20 },
            "end": { "line": 29, "column": 87 }
          },
          {
            "start": { "line": 29, "column": 20 },
            "end": { "line": 29, "column": 87 }
          }
        ],
        "line": 29
      },
      "27": {
        "loc": {
          "start": { "line": 29, "column": 24 },
          "end": { "line": 29, "column": 43 }
        },
        "type": "binary-expr",
        "locations": [
          {
            "start": { "line": 29, "column": 24 },
            "end": { "line": 29, "column": 25 }
          },
          {
            "start": { "line": 29, "column": 29 },
            "end": { "line": 29, "column": 43 }
          }
        ],
        "line": 29
      },
      "28": {
        "loc": {
          "start": { "line": 30, "column": 20 },
          "end": { "line": 30, "column": 42 }
        },
        "type": "if",
        "locations": [
          {
            "start": { "line": 30, "column": 20 },
            "end": { "line": 30, "column": 42 }
          },
          {
            "start": { "line": 30, "column": 20 },
            "end": { "line": 30, "column": 42 }
          }
        ],
        "line": 30
      },
      "29": {
        "loc": {
          "start": { "line": 35, "column": 8 },
          "end": { "line": 35, "column": 35 }
        },
        "type": "if",
        "locations": [
          {
            "start": { "line": 35, "column": 8 },
            "end": { "line": 35, "column": 35 }
          },
          {
            "start": { "line": 35, "column": 8 },
            "end": { "line": 35, "column": 35 }
          }
        ],
        "line": 35
      },
      "30": {
        "loc": {
          "start": { "line": 35, "column": 52 },
          "end": { "line": 35, "column": 74 }
        },
        "type": "cond-expr",
        "locations": [
          {
            "start": { "line": 35, "column": 60 },
            "end": { "line": 35, "column": 65 }
          },
          {
            "start": { "line": 35, "column": 68 },
            "end": { "line": 35, "column": 74 }
          }
        ],
        "line": 35
      },
      "31": {
        "loc": {
          "start": { "line": 49, "column": 16 },
          "end": { "line": 75, "column": 17 }
        },
        "type": "switch",
        "locations": [
          {
            "start": { "line": 50, "column": 20 },
            "end": { "line": 56, "column": 117 }
          },
          {
            "start": { "line": 57, "column": 20 },
            "end": { "line": 64, "column": 54 }
          },
          {
            "start": { "line": 65, "column": 20 },
            "end": { "line": 73, "column": 54 }
          },
          {
            "start": { "line": 74, "column": 20 },
            "end": { "line": 74, "column": 50 }
          }
        ],
        "line": 49
      },
      "32": {
        "loc": {
          "start": { "line": 53, "column": 24 },
          "end": { "line": 55, "column": 25 }
        },
        "type": "if",
        "locations": [
          {
            "start": { "line": 53, "column": 24 },
            "end": { "line": 55, "column": 25 }
          },
          {
            "start": { "line": 53, "column": 24 },
            "end": { "line": 55, "column": 25 }
          }
        ],
        "line": 53
      },
      "33": {
        "loc": {
          "start": { "line": 69, "column": 37 },
          "end": { "line": 71, "column": 41 }
        },
        "type": "cond-expr",
        "locations": [
          {
            "start": { "line": 70, "column": 34 },
            "end": { "line": 70, "column": 54 }
          },
          {
            "start": { "line": 71, "column": 34 },
            "end": { "line": 71, "column": 41 }
          }
        ],
        "line": 69
      },
      "34": {
        "loc": {
          "start": { "line": 80, "column": 8 },
          "end": { "line": 85, "column": 9 }
        },
        "type": "if",
        "locations": [
          {
            "start": { "line": 80, "column": 8 },
            "end": { "line": 85, "column": 9 }
          },
          {
            "start": { "line": 80, "column": 8 },
            "end": { "line": 85, "column": 9 }
          }
        ],
        "line": 80
      },
      "35": {
        "loc": {
          "start": { "line": 80, "column": 12 },
          "end": { "line": 80, "column": 63 }
        },
        "type": "binary-expr",
        "locations": [
          {
            "start": { "line": 80, "column": 12 },
            "end": { "line": 80, "column": 43 }
          },
          {
            "start": { "line": 80, "column": 47 },
            "end": { "line": 80, "column": 63 }
          }
        ],
        "line": 80
      }
    },
    "s": {
      "0": 1,
      "1": 0,
      "2": 0,
      "3": 0,
      "4": 0,
      "5": 0,
      "6": 0,
      "7": 0,
      "8": 0,
      "9": 0,
      "10": 0,
      "11": 0,
      "12": 1,
      "13": 0,
      "14": 0,
      "15": 0,
      "16": 0,
      "17": 0,
      "18": 0,
      "19": 0,
      "20": 0,
      "21": 0,
      "22": 0,
      "23": 0,
      "24": 0,
      "25": 0,
      "26": 0,
      "27": 0,
      "28": 0,
      "29": 0,
      "30": 0,
      "31": 0,
      "32": 0,
      "33": 0,
      "34": 0,
      "35": 0,
      "36": 0,
      "37": 0,
      "38": 0,
      "39": 0,
      "40": 0,
      "41": 0,
      "42": 0,
      "43": 0,
      "44": 0,
      "45": 0,
      "46": 0,
      "47": 0,
      "48": 0,
      "49": 0,
      "50": 0,
      "51": 0,
      "52": 0,
      "53": 0,
      "54": 0,
      "55": 0,
      "56": 0,
      "57": 0,
      "58": 0,
      "59": 0,
      "60": 0,
      "61": 0,
      "62": 0,
      "63": 0,
      "64": 0,
      "65": 0,
      "66": 1,
      "67": 1,
      "68": 1,
      "69": 0,
      "70": 0,
      "71": 1,
      "72": 0,
      "73": 0,
      "74": 0,
      "75": 0,
      "76": 0,
      "77": 0,
      "78": 0,
      "79": 0,
      "80": 0,
      "81": 0,
      "82": 0,
      "83": 0,
      "84": 0,
      "85": 0,
      "86": 0,
      "87": 0,
      "88": 1,
      "89": 0,
      "90": 0,
      "91": 1,
      "92": 1
    },
    "f": {
      "0": 0,
      "1": 0,
      "2": 0,
      "3": 0,
      "4": 0,
      "5": 0,
      "6": 0,
      "7": 0,
      "8": 0,
      "9": 0,
      "10": 0,
      "11": 0,
      "12": 0,
      "13": 1,
      "14": 0,
      "15": 0,
      "16": 0,
      "17": 0,
      "18": 0
    },
    "b": {
      "0": [1, 1, 1],
      "1": [0, 0],
      "2": [0, 0],
      "3": [0, 0],
      "4": [0, 0],
      "5": [1, 1, 1],
      "6": [0, 0],
      "7": [0, 0],
      "8": [0, 0],
      "9": [0, 0],
      "10": [0, 0],
      "11": [0, 0],
      "12": [0, 0, 0],
      "13": [0, 0],
      "14": [0, 0],
      "15": [0, 0],
      "16": [0, 0],
      "17": [0, 0],
      "18": [0, 0, 0, 0, 0, 0],
      "19": [0, 0],
      "20": [0, 0, 0],
      "21": [0, 0],
      "22": [0, 0],
      "23": [0, 0, 0, 0],
      "24": [0, 0],
      "25": [0, 0],
      "26": [0, 0],
      "27": [0, 0],
      "28": [0, 0],
      "29": [0, 0],
      "30": [0, 0],
      "31": [0, 0, 0, 0],
      "32": [0, 0],
      "33": [0, 0],
      "34": [0, 0],
      "35": [0, 0]
    },
    "inputSourceMap": {
      "version": 3,
      "file": "C:/Users/coliveira/robos/TC04-Payment-App/src/domain/aggregates/payment/usecases/paymentConfirmation/PaymentConfirmation.ts",
      "sources": [
        "C:/Users/coliveira/robos/TC04-Payment-App/src/domain/aggregates/payment/usecases/paymentConfirmation/PaymentConfirmation.ts"
      ],
      "names": [],
      "mappings": ";;;;;;;;;;;;;;;;;;;;;;;;;;;;;;;;;;;;;;;AAOA;IAEE,6BAAoB,eAAwC;QAAxC,oBAAe,GAAf,eAAe,CAAyB;QAC1D,IAAI,CAAC,cAAc,GAAG,eAAe,CAAC;IACxC,CAAC;IAEK,qCAAO,GAAb,UACE,KAAkC;;;;;;;wBAG1B,YAAY,GAAG,IAAI,CAAC,mBAAmB,CAAC,KAAK,CAAC,CAAC;wBACrD,IAAI,YAAY,EAAE;4BAChB,sBAAO,YAAY,EAAC;yBACrB;wBACc,qBAAM,IAAI,CAAC,cAAc,CAAC,cAAc,CACrD,KAAK,CAAC,OAAO,EACb,KAAK,CAAC,aAAa,CACpB,EAAA;;wBAHK,MAAM,GAAG,SAGd;wBACK,MAAM,GAAiC;4BAC3C,QAAQ,EAAE,KAAK;4BACf,OAAO,EAAE,8BAA8B;yBACxC,CAAC;wBACF,OAAO,CAAC,GAAG,CAAC,MAAM,CAAC,CAAC;wBACpB,sBAAO,MAAM,EAAC;;;wBAER,MAAM,GAAG;4BACb,QAAQ,EAAE,IAAI;4BACd,OAAO,EAAE,OAAK,CAAC,cAAc,CAAC,YAAY,CAAC;gCACzC,CAAC,CAAC,CAAC,OAAK,CAAC,UAAU,CAAC;gCACpB,CAAC,CAAC,OAAK;yBACV,CAAC;wBACF,sBAAO,MAAM,EAAC;;;;;KAEjB;IACO,iDAAmB,GAA3B,UACE,KAAkC;QAElC,IAAI,MAAM,CAAC,IAAI,CAAC,KAAK,CAAC,CAAC,MAAM,KAAK,CAAC,IAAI,KAAK,CAAC,SAAS,CAAC,EAAE;YACvD,OAAO;gBACL,QAAQ,EAAE,IAAI;gBACd,OAAO,EAAE,cAAc;aACxB,CAAC;SACH;IACH,CAAC;IACH,0BAAC;AAAD,CAAC,AA5CD,IA4CC;AA5CY,kDAAmB",
      "sourcesContent": [
        "import UseCaseInterface from '../../../../sharedKernel/usecase/UseCaseInterface';\r\nimport { PaymentGatewayInterface } from '../../interfaces/gateways/PaymentGatewayInterface';\r\nimport {\r\n  PaymentConfirmationInputDTO,\r\n  PaymentConfirmationOutputDTO,\r\n} from './PaymentConfirmationDTO';\r\n\r\nexport class PaymentConfirmation implements UseCaseInterface {\r\n  private readonly paymentGateway: PaymentGatewayInterface;\r\n  constructor(private _paymentGateway: PaymentGatewayInterface) {\r\n    this.paymentGateway = _paymentGateway;\r\n  }\r\n\r\n  async execute(\r\n    input: PaymentConfirmationInputDTO,\r\n  ): Promise<PaymentConfirmationOutputDTO> {\r\n    try {\r\n      const validateBody = this.validateBodyRequest(input);\r\n      if (validateBody) {\r\n        return validateBody;\r\n      }\r\n      const result = await this.paymentGateway.confirmPayment(\r\n        input.orderId,\r\n        input.paymentStatus,\r\n      );\r\n      const output: PaymentConfirmationOutputDTO = {\r\n        hasError: false,\r\n        message: 'Payment successfully updated',\r\n      };\r\n      console.log(output);\r\n      return output;\r\n    } catch (error: any) {\r\n      const output = {\r\n        hasError: true,\r\n        message: error.hasOwnProperty('sqlMessage')\r\n          ? [error.sqlMessage]\r\n          : error,\r\n      };\r\n      return output;\r\n    }\r\n  }\r\n  private validateBodyRequest(\r\n    input: PaymentConfirmationInputDTO,\r\n  ): PaymentConfirmationOutputDTO | undefined {\r\n    if (Object.keys(input).length === 1 && input['orderId']) {\r\n      return {\r\n        hasError: true,\r\n        message: 'Missing body',\r\n      };\r\n    }\r\n  }\r\n}\r\n"
      ]
    },
    "_coverageSchema": "1a1c01bbd47fc00a2c39e90264f33305004495a9",
    "hash": "55bad603cab9dc1c646d7a2adcf5be9106c4f1f7",
    "contentHash": "05688c9d225a6d0ab3694397560a68409d1fff74095089ae467e26853a113231"
  }
}
